0 info it worked if it ends with ok
1 verbose cli [ 'node',
1 verbose cli   '/Users/nathanielwroblewski/local/bin/npm',
1 verbose cli   'install',
1 verbose cli   'node-logfmt' ]
2 info using npm@1.3.4
3 info using node@v0.10.13
4 verbose cache add [ 'node-logfmt', null ]
5 verbose cache add name=undefined spec="node-logfmt" args=["node-logfmt",null]
6 verbose parsed url { protocol: null,
6 verbose parsed url   slashes: null,
6 verbose parsed url   auth: null,
6 verbose parsed url   host: null,
6 verbose parsed url   port: null,
6 verbose parsed url   hostname: null,
6 verbose parsed url   hash: null,
6 verbose parsed url   search: null,
6 verbose parsed url   query: null,
6 verbose parsed url   pathname: 'node-logfmt',
6 verbose parsed url   path: 'node-logfmt',
6 verbose parsed url   href: 'node-logfmt' }
7 silly lockFile 88656d29-node-logfmt node-logfmt
8 verbose lock node-logfmt /Users/nathanielwroblewski/.npm/88656d29-node-logfmt.lock
9 silly lockFile 88656d29-node-logfmt node-logfmt
10 silly lockFile 88656d29-node-logfmt node-logfmt
11 verbose addNamed [ 'node-logfmt', '' ]
12 verbose addNamed [ null, '*' ]
13 silly lockFile f1b0d337-node-logfmt node-logfmt@
14 verbose lock node-logfmt@ /Users/nathanielwroblewski/.npm/f1b0d337-node-logfmt.lock
15 silly addNameRange { name: 'node-logfmt', range: '*', hasData: false }
16 verbose url raw node-logfmt
17 verbose url resolving [ 'https://registry.npmjs.org/', './node-logfmt' ]
18 verbose url resolved https://registry.npmjs.org/node-logfmt
19 info trying registry request attempt 1 at 19:53:59
20 http GET https://registry.npmjs.org/node-logfmt
21 http 404 https://registry.npmjs.org/node-logfmt
22 silly registry.get cb [ 404,
22 silly registry.get   { date: 'Sun, 30 Mar 2014 02:53:59 GMT',
22 silly registry.get     server: 'CouchDB/1.5.0 (Erlang OTP/R14B04)',
22 silly registry.get     'content-type': 'application/json',
22 silly registry.get     via: '1.1 varnish',
22 silly registry.get     'cache-control': 'max-age=0',
22 silly registry.get     'content-length': '52',
22 silly registry.get     'accept-ranges': 'bytes',
22 silly registry.get     age: '0',
22 silly registry.get     'x-served-by': 'cache-v41-ASH, cache-c48-CHI',
22 silly registry.get     'x-cache': 'MISS, MISS',
22 silly registry.get     'x-cache-hits': '0, 0',
22 silly registry.get     'x-timer': 'S1396148039.135736704,VS0,VS6,VE104,VE117',
22 silly registry.get     'keep-alive': 'timeout=10, max=50',
22 silly registry.get     connection: 'Keep-Alive' } ]
23 silly lockFile f1b0d337-node-logfmt node-logfmt@
24 silly lockFile f1b0d337-node-logfmt node-logfmt@
25 error 404 'node-logfmt' is not in the npm registry.
25 error 404 You should bug the author to publish it
25 error 404
25 error 404 Maybe try 'npm search logfmt'
25 error 404
25 error 404 Note that you can also install from a
25 error 404 tarball, folder, or http url, or git url.
26 error System Darwin 12.5.0
27 error command "node" "/Users/nathanielwroblewski/local/bin/npm" "install" "node-logfmt"
28 error cwd /Users/nathanielwroblewski/Desktop/side projects/btc-p2p
29 error node -v v0.10.13
30 error npm -v 1.3.4
31 error code E404
32 verbose exit [ 1, true ]
